[0.494s] Invoking command in '/home/nchougul/ros2_ws/src/talker_listner': PYTHONPATH=/home/nchougul/ros2_ws/src/talker_listner/build/talker_listner/prefix_override:/usr/lib/python3/dist-packages/colcon_core/task/python/colcon_distutils_commands:/home/nchougul/ros2_ws/src/talker_listner/install/talker_listner/lib/python3.10/site-packages:${PYTHONPATH} /usr/bin/python3 -W ignore:setup.py install is deprecated setup.py egg_info --egg-base build/talker_listner build --build-base /home/nchougul/ros2_ws/src/talker_listner/build/talker_listner/build install --record /home/nchougul/ros2_ws/src/talker_listner/build/talker_listner/install.log --single-version-externally-managed install_data
[0.660s] running egg_info
[0.661s] creating build/talker_listner/talker_listner.egg-info
[0.662s] writing build/talker_listner/talker_listner.egg-info/PKG-INFO
[0.664s] writing dependency_links to build/talker_listner/talker_listner.egg-info/dependency_links.txt
[0.665s] writing entry points to build/talker_listner/talker_listner.egg-info/entry_points.txt
[0.666s] writing requirements to build/talker_listner/talker_listner.egg-info/requires.txt
[0.666s] writing top-level names to build/talker_listner/talker_listner.egg-info/top_level.txt
[0.666s] writing manifest file 'build/talker_listner/talker_listner.egg-info/SOURCES.txt'
[0.674s] reading manifest file 'build/talker_listner/talker_listner.egg-info/SOURCES.txt'
[0.675s] writing manifest file 'build/talker_listner/talker_listner.egg-info/SOURCES.txt'
[0.676s] running build
[0.676s] running build_py
[0.676s] creating /home/nchougul/ros2_ws/src/talker_listner/build/talker_listner/build
[0.676s] creating /home/nchougul/ros2_ws/src/talker_listner/build/talker_listner/build/lib
[0.678s] creating /home/nchougul/ros2_ws/src/talker_listner/build/talker_listner/build/lib/talker_listner
[0.678s] copying talker_listner/__init__.py -> /home/nchougul/ros2_ws/src/talker_listner/build/talker_listner/build/lib/talker_listner
[0.678s] copying talker_listner/talker_node.py -> /home/nchougul/ros2_ws/src/talker_listner/build/talker_listner/build/lib/talker_listner
[0.679s] copying talker_listner/listner_node.py -> /home/nchougul/ros2_ws/src/talker_listner/build/talker_listner/build/lib/talker_listner
[0.680s] running install
[0.680s] running install_lib
[0.681s] creating /home/nchougul/ros2_ws/src/talker_listner/install/talker_listner/lib/python3.10/site-packages/talker_listner
[0.682s] copying /home/nchougul/ros2_ws/src/talker_listner/build/talker_listner/build/lib/talker_listner/__init__.py -> /home/nchougul/ros2_ws/src/talker_listner/install/talker_listner/lib/python3.10/site-packages/talker_listner
[0.682s] copying /home/nchougul/ros2_ws/src/talker_listner/build/talker_listner/build/lib/talker_listner/talker_node.py -> /home/nchougul/ros2_ws/src/talker_listner/install/talker_listner/lib/python3.10/site-packages/talker_listner
[0.682s] copying /home/nchougul/ros2_ws/src/talker_listner/build/talker_listner/build/lib/talker_listner/listner_node.py -> /home/nchougul/ros2_ws/src/talker_listner/install/talker_listner/lib/python3.10/site-packages/talker_listner
[0.683s] byte-compiling /home/nchougul/ros2_ws/src/talker_listner/install/talker_listner/lib/python3.10/site-packages/talker_listner/__init__.py to __init__.cpython-310.pyc
[0.684s] byte-compiling /home/nchougul/ros2_ws/src/talker_listner/install/talker_listner/lib/python3.10/site-packages/talker_listner/talker_node.py to talker_node.cpython-310.pyc
[0.684s] byte-compiling /home/nchougul/ros2_ws/src/talker_listner/install/talker_listner/lib/python3.10/site-packages/talker_listner/listner_node.py to listner_node.cpython-310.pyc
[0.685s] running install_data
[0.685s] creating /home/nchougul/ros2_ws/src/talker_listner/install/talker_listner/share/ament_index
[0.685s] creating /home/nchougul/ros2_ws/src/talker_listner/install/talker_listner/share/ament_index/resource_index
[0.686s] creating /home/nchougul/ros2_ws/src/talker_listner/install/talker_listner/share/ament_index/resource_index/packages
[0.686s] copying resource/talker_listner -> /home/nchougul/ros2_ws/src/talker_listner/install/talker_listner/share/ament_index/resource_index/packages
[0.687s] copying package.xml -> /home/nchougul/ros2_ws/src/talker_listner/install/talker_listner/share/talker_listner
[0.687s] running install_egg_info
[0.689s] Copying build/talker_listner/talker_listner.egg-info to /home/nchougul/ros2_ws/src/talker_listner/install/talker_listner/lib/python3.10/site-packages/talker_listner-0.0.0-py3.10.egg-info
[0.692s] running install_scripts
[0.711s] Installing talkerNode = talker_listner.talker_node:mainlistnerNode script to /home/nchougul/ros2_ws/src/talker_listner/install/talker_listner/lib/talker_listner
[0.712s] writing list of installed files to '/home/nchougul/ros2_ws/src/talker_listner/build/talker_listner/install.log'
[0.729s] Invoked command in '/home/nchougul/ros2_ws/src/talker_listner' returned '0': PYTHONPATH=/home/nchougul/ros2_ws/src/talker_listner/build/talker_listner/prefix_override:/usr/lib/python3/dist-packages/colcon_core/task/python/colcon_distutils_commands:/home/nchougul/ros2_ws/src/talker_listner/install/talker_listner/lib/python3.10/site-packages:${PYTHONPATH} /usr/bin/python3 -W ignore:setup.py install is deprecated setup.py egg_info --egg-base build/talker_listner build --build-base /home/nchougul/ros2_ws/src/talker_listner/build/talker_listner/build install --record /home/nchougul/ros2_ws/src/talker_listner/build/talker_listner/install.log --single-version-externally-managed install_data
