[0.483s] Invoking command in '/home/nchougul/ros2_ws/src/talker_listner': PYTHONPATH=/home/nchougul/ros2_ws/src/talker_listner/build/talker_listner/prefix_override:/usr/lib/python3/dist-packages/colcon_core/task/python/colcon_distutils_commands:/home/nchougul/ros2_ws/src/talker_listner/install/talker_listner/lib/python3.10/site-packages:${PYTHONPATH} /usr/bin/python3 -W ignore:setup.py install is deprecated setup.py egg_info --egg-base build/talker_listner build --build-base /home/nchougul/ros2_ws/src/talker_listner/build/talker_listner/build install --record /home/nchougul/ros2_ws/src/talker_listner/build/talker_listner/install.log --single-version-externally-managed install_data
[0.633s] running egg_info
[0.633s] writing build/talker_listner/talker_listner.egg-info/PKG-INFO
[0.635s] writing dependency_links to build/talker_listner/talker_listner.egg-info/dependency_links.txt
[0.635s] writing entry points to build/talker_listner/talker_listner.egg-info/entry_points.txt
[0.635s] writing requirements to build/talker_listner/talker_listner.egg-info/requires.txt
[0.635s] writing top-level names to build/talker_listner/talker_listner.egg-info/top_level.txt
[0.641s] reading manifest file 'build/talker_listner/talker_listner.egg-info/SOURCES.txt'
[0.643s] writing manifest file 'build/talker_listner/talker_listner.egg-info/SOURCES.txt'
[0.643s] running build
[0.643s] running build_py
[0.643s] running install
[0.644s] running install_lib
[0.645s] running install_data
[0.645s] running install_egg_info
[0.646s] removing '/home/nchougul/ros2_ws/src/talker_listner/install/talker_listner/lib/python3.10/site-packages/talker_listner-0.0.0-py3.10.egg-info' (and everything under it)
[0.647s] Copying build/talker_listner/talker_listner.egg-info to /home/nchougul/ros2_ws/src/talker_listner/install/talker_listner/lib/python3.10/site-packages/talker_listner-0.0.0-py3.10.egg-info
[0.648s] running install_scripts
[0.666s] Installing listnerNode script to /home/nchougul/ros2_ws/src/talker_listner/install/talker_listner/lib/talker_listner
[0.666s] Installing talkerNode script to /home/nchougul/ros2_ws/src/talker_listner/install/talker_listner/lib/talker_listner
[0.667s] writing list of installed files to '/home/nchougul/ros2_ws/src/talker_listner/build/talker_listner/install.log'
[0.683s] Invoked command in '/home/nchougul/ros2_ws/src/talker_listner' returned '0': PYTHONPATH=/home/nchougul/ros2_ws/src/talker_listner/build/talker_listner/prefix_override:/usr/lib/python3/dist-packages/colcon_core/task/python/colcon_distutils_commands:/home/nchougul/ros2_ws/src/talker_listner/install/talker_listner/lib/python3.10/site-packages:${PYTHONPATH} /usr/bin/python3 -W ignore:setup.py install is deprecated setup.py egg_info --egg-base build/talker_listner build --build-base /home/nchougul/ros2_ws/src/talker_listner/build/talker_listner/build install --record /home/nchougul/ros2_ws/src/talker_listner/build/talker_listner/install.log --single-version-externally-managed install_data
