[0.352s] DEBUG:colcon:Command line arguments: ['/usr/bin/colcon', 'build']
[0.352s] DEBUG:colcon:Parsed command line arguments: Namespace(log_base=None, log_level=None, verb_name='build', build_base='build', install_base='install', merge_install=False, symlink_install=False, test_result_base=None, continue_on_error=False, executor='parallel', parallel_workers=8, event_handlers=None, ignore_user_meta=False, metas=['./colcon.meta'], base_paths=['.'], packages_ignore=None, packages_ignore_regex=None, paths=None, packages_up_to=None, packages_up_to_regex=None, packages_above=None, packages_above_and_dependencies=None, packages_above_depth=None, packages_select_by_dep=None, packages_skip_by_dep=None, packages_skip_up_to=None, packages_select_build_failed=False, packages_skip_build_finished=False, packages_select_test_failures=False, packages_skip_test_passed=False, packages_select=None, packages_skip=None, packages_select_regex=None, packages_skip_regex=None, packages_start=None, packages_end=None, allow_overriding=[], cmake_args=None, cmake_target=None, cmake_target_skip_unavailable=False, cmake_clean_cache=False, cmake_clean_first=False, cmake_force_configure=False, ament_cmake_args=None, catkin_cmake_args=None, catkin_skip_building_tests=False, mixin_files=None, mixin=None, verb_parser=<colcon_mixin.mixin.mixin_argument.MixinArgumentDecorator object at 0x7f1412eca050>, verb_extension=<colcon_core.verb.build.BuildVerb object at 0x7f1412ec9a50>, main=<bound method BuildVerb.main of <colcon_core.verb.build.BuildVerb object at 0x7f1412ec9a50>>, mixin_verb=('build',))
[0.671s] Level 1:colcon.colcon_core.package_discovery:discover_packages(colcon_meta) check parameters
[0.671s] Level 1:colcon.colcon_core.package_discovery:discover_packages(recursive) check parameters
[0.671s] Level 1:colcon.colcon_core.package_discovery:discover_packages(ignore) check parameters
[0.671s] Level 1:colcon.colcon_core.package_discovery:discover_packages(path) check parameters
[0.671s] Level 1:colcon.colcon_core.package_discovery:discover_packages(colcon_meta) discover
[0.671s] Level 1:colcon.colcon_core.package_discovery:discover_packages(recursive) discover
[0.672s] INFO:colcon.colcon_core.package_discovery:Crawling recursively for packages in '/home/nchougul/ros2_ws/src/talker_listner'
[0.672s] Level 1:colcon.colcon_core.package_identification:_identify(.) by extensions ['ignore', 'ignore_ament_install']
[0.672s] Level 1:colcon.colcon_core.package_identification:_identify(.) by extension 'ignore'
[0.672s] Level 1:colcon.colcon_core.package_identification:_identify(.) by extension 'ignore_ament_install'
[0.672s] Level 1:colcon.colcon_core.package_identification:_identify(.) by extensions ['colcon_pkg']
[0.672s] Level 1:colcon.colcon_core.package_identification:_identify(.) by extension 'colcon_pkg'
[0.672s] Level 1:colcon.colcon_core.package_identification:_identify(.) by extensions ['colcon_meta']
[0.672s] Level 1:colcon.colcon_core.package_identification:_identify(.) by extension 'colcon_meta'
[0.672s] Level 1:colcon.colcon_core.package_identification:_identify(.) by extensions ['ros']
[0.672s] Level 1:colcon.colcon_core.package_identification:_identify(.) by extension 'ros'
[0.689s] DEBUG:colcon.colcon_core.package_identification:Package '.' with type 'ros.ament_python' and name 'talker_listner'
[0.689s] Level 1:colcon.colcon_core.package_discovery:discover_packages(recursive) using defaults
[0.689s] Level 1:colcon.colcon_core.package_discovery:discover_packages(ignore) discover
[0.689s] Level 1:colcon.colcon_core.package_discovery:discover_packages(ignore) using defaults
[0.689s] Level 1:colcon.colcon_core.package_discovery:discover_packages(path) discover
[0.689s] Level 1:colcon.colcon_core.package_discovery:discover_packages(path) using defaults
[0.713s] Level 1:colcon.colcon_core.package_discovery:discover_packages(prefix_path) check parameters
[0.713s] Level 1:colcon.colcon_core.package_discovery:discover_packages(prefix_path) discover
[0.717s] DEBUG:colcon.colcon_installed_package_information.package_discovery:Found 1 installed packages in /home/nchougul/ros2_ws/src/talker_listner/install
[0.717s] DEBUG:colcon.colcon_installed_package_information.package_discovery:Found 1 installed packages in /home/nchougul/ros2_ws/install
[0.719s] DEBUG:colcon.colcon_installed_package_information.package_discovery:Found 281 installed packages in /opt/ros/iron
[0.730s] Level 1:colcon.colcon_core.package_discovery:discover_packages(prefix_path) using defaults
[0.801s] Level 5:colcon.colcon_core.verb:set package 'talker_listner' build argument 'cmake_args' from command line to 'None'
[0.801s] Level 5:colcon.colcon_core.verb:set package 'talker_listner' build argument 'cmake_target' from command line to 'None'
[0.801s] Level 5:colcon.colcon_core.verb:set package 'talker_listner' build argument 'cmake_target_skip_unavailable' from command line to 'False'
[0.801s] Level 5:colcon.colcon_core.verb:set package 'talker_listner' build argument 'cmake_clean_cache' from command line to 'False'
[0.801s] Level 5:colcon.colcon_core.verb:set package 'talker_listner' build argument 'cmake_clean_first' from command line to 'False'
[0.801s] Level 5:colcon.colcon_core.verb:set package 'talker_listner' build argument 'cmake_force_configure' from command line to 'False'
[0.801s] Level 5:colcon.colcon_core.verb:set package 'talker_listner' build argument 'ament_cmake_args' from command line to 'None'
[0.801s] Level 5:colcon.colcon_core.verb:set package 'talker_listner' build argument 'catkin_cmake_args' from command line to 'None'
[0.801s] Level 5:colcon.colcon_core.verb:set package 'talker_listner' build argument 'catkin_skip_building_tests' from command line to 'False'
[0.801s] DEBUG:colcon.colcon_core.verb:Building package 'talker_listner' with the following arguments: {'ament_cmake_args': None, 'build_base': '/home/nchougul/ros2_ws/src/talker_listner/build/talker_listner', 'catkin_cmake_args': None, 'catkin_skip_building_tests': False, 'cmake_args': None, 'cmake_clean_cache': False, 'cmake_clean_first': False, 'cmake_force_configure': False, 'cmake_target': None, 'cmake_target_skip_unavailable': False, 'install_base': '/home/nchougul/ros2_ws/src/talker_listner/install/talker_listner', 'merge_install': False, 'path': '/home/nchougul/ros2_ws/src/talker_listner', 'symlink_install': False, 'test_result_base': None}
[0.802s] INFO:colcon.colcon_core.executor:Executing jobs using 'parallel' executor
[0.803s] DEBUG:colcon.colcon_parallel_executor.executor.parallel:run_until_complete
[0.803s] INFO:colcon.colcon_ros.task.ament_python.build:Building ROS package in '/home/nchougul/ros2_ws/src/talker_listner' with build type 'ament_python'
[0.803s] Level 1:colcon.colcon_core.shell:create_environment_hook('talker_listner', 'ament_prefix_path')
[0.809s] INFO:colcon.colcon_core.plugin_system:Skipping extension 'colcon_core.shell.bat': Not used on non-Windows systems
[0.809s] INFO:colcon.colcon_core.shell:Creating environment hook '/home/nchougul/ros2_ws/src/talker_listner/install/talker_listner/share/talker_listner/hook/ament_prefix_path.ps1'
[0.811s] INFO:colcon.colcon_core.shell:Creating environment descriptor '/home/nchougul/ros2_ws/src/talker_listner/install/talker_listner/share/talker_listner/hook/ament_prefix_path.dsv'
[0.812s] INFO:colcon.colcon_core.shell:Creating environment hook '/home/nchougul/ros2_ws/src/talker_listner/install/talker_listner/share/talker_listner/hook/ament_prefix_path.sh'
[0.813s] INFO:colcon.colcon_core.shell:Skip shell extension 'powershell' for command environment: Not usable outside of PowerShell
[0.813s] DEBUG:colcon.colcon_core.shell:Skip shell extension 'dsv' for command environment
[1.001s] INFO:colcon.colcon_core.task.python.build:Building Python package in '/home/nchougul/ros2_ws/src/talker_listner'
[1.001s] INFO:colcon.colcon_core.shell:Skip shell extension 'powershell' for command environment: Not usable outside of PowerShell
[1.001s] DEBUG:colcon.colcon_core.shell:Skip shell extension 'dsv' for command environment
[1.287s] DEBUG:colcon.colcon_core.event_handler.log_command:Invoking command in '/home/nchougul/ros2_ws/src/talker_listner': PYTHONPATH=/home/nchougul/ros2_ws/src/talker_listner/build/talker_listner/prefix_override:/usr/lib/python3/dist-packages/colcon_core/task/python/colcon_distutils_commands:/home/nchougul/ros2_ws/src/talker_listner/install/talker_listner/lib/python3.10/site-packages:${PYTHONPATH} /usr/bin/python3 -W ignore:setup.py install is deprecated setup.py egg_info --egg-base build/talker_listner build --build-base /home/nchougul/ros2_ws/src/talker_listner/build/talker_listner/build install --record /home/nchougul/ros2_ws/src/talker_listner/build/talker_listner/install.log --single-version-externally-managed install_data
[1.487s] DEBUG:colcon.colcon_core.event_handler.log_command:Invoked command in '/home/nchougul/ros2_ws/src/talker_listner' returned '0': PYTHONPATH=/home/nchougul/ros2_ws/src/talker_listner/build/talker_listner/prefix_override:/usr/lib/python3/dist-packages/colcon_core/task/python/colcon_distutils_commands:/home/nchougul/ros2_ws/src/talker_listner/install/talker_listner/lib/python3.10/site-packages:${PYTHONPATH} /usr/bin/python3 -W ignore:setup.py install is deprecated setup.py egg_info --egg-base build/talker_listner build --build-base /home/nchougul/ros2_ws/src/talker_listner/build/talker_listner/build install --record /home/nchougul/ros2_ws/src/talker_listner/build/talker_listner/install.log --single-version-externally-managed install_data
[1.496s] Level 1:colcon.colcon_core.environment:checking '/home/nchougul/ros2_ws/src/talker_listner/install/talker_listner' for CMake module files
[1.497s] Level 1:colcon.colcon_core.environment:checking '/home/nchougul/ros2_ws/src/talker_listner/install/talker_listner' for CMake config files
[1.500s] Level 1:colcon.colcon_core.environment:checking '/home/nchougul/ros2_ws/src/talker_listner/install/talker_listner/lib'
[1.501s] Level 1:colcon.colcon_core.environment:checking '/home/nchougul/ros2_ws/src/talker_listner/install/talker_listner/bin'
[1.501s] Level 1:colcon.colcon_core.environment:checking '/home/nchougul/ros2_ws/src/talker_listner/install/talker_listner/lib/pkgconfig/talker_listner.pc'
[1.501s] Level 1:colcon.colcon_core.environment:checking '/home/nchougul/ros2_ws/src/talker_listner/install/talker_listner/lib/python3.10/site-packages'
[1.501s] Level 1:colcon.colcon_core.shell:create_environment_hook('talker_listner', 'pythonpath')
[1.501s] INFO:colcon.colcon_core.shell:Creating environment hook '/home/nchougul/ros2_ws/src/talker_listner/install/talker_listner/share/talker_listner/hook/pythonpath.ps1'
[1.501s] INFO:colcon.colcon_core.shell:Creating environment descriptor '/home/nchougul/ros2_ws/src/talker_listner/install/talker_listner/share/talker_listner/hook/pythonpath.dsv'
[1.502s] INFO:colcon.colcon_core.shell:Creating environment hook '/home/nchougul/ros2_ws/src/talker_listner/install/talker_listner/share/talker_listner/hook/pythonpath.sh'
[1.502s] Level 1:colcon.colcon_core.environment:checking '/home/nchougul/ros2_ws/src/talker_listner/install/talker_listner/bin'
[1.502s] Level 1:colcon.colcon_core.environment:create_environment_scripts_only(talker_listner)
[1.503s] INFO:colcon.colcon_core.shell:Creating package script '/home/nchougul/ros2_ws/src/talker_listner/install/talker_listner/share/talker_listner/package.ps1'
[1.504s] INFO:colcon.colcon_core.shell:Creating package descriptor '/home/nchougul/ros2_ws/src/talker_listner/install/talker_listner/share/talker_listner/package.dsv'
[1.504s] INFO:colcon.colcon_core.shell:Creating package script '/home/nchougul/ros2_ws/src/talker_listner/install/talker_listner/share/talker_listner/package.sh'
[1.505s] INFO:colcon.colcon_core.shell:Creating package script '/home/nchougul/ros2_ws/src/talker_listner/install/talker_listner/share/talker_listner/package.bash'
[1.506s] INFO:colcon.colcon_core.shell:Creating package script '/home/nchougul/ros2_ws/src/talker_listner/install/talker_listner/share/talker_listner/package.zsh'
[1.507s] Level 1:colcon.colcon_core.environment:create_file_with_runtime_dependencies(/home/nchougul/ros2_ws/src/talker_listner/install/talker_listner/share/colcon-core/packages/talker_listner)
[1.507s] DEBUG:colcon.colcon_parallel_executor.executor.parallel:closing loop
[1.508s] DEBUG:colcon.colcon_parallel_executor.executor.parallel:loop closed
[1.508s] DEBUG:colcon.colcon_parallel_executor.executor.parallel:run_until_complete finished with '0'
[1.509s] DEBUG:colcon.colcon_core.event_reactor:joining thread
[1.598s] INFO:colcon.colcon_core.plugin_system:Skipping extension 'colcon_notification.desktop_notification.notify_send': Could not find 'notify-send'
[1.599s] INFO:colcon.colcon_core.plugin_system:Skipping extension 'colcon_notification.desktop_notification.terminal_notifier': Not used on non-Darwin systems
[1.599s] INFO:colcon.colcon_core.plugin_system:Skipping extension 'colcon_notification.desktop_notification.win32': Not used on non-Windows systems
[1.599s] INFO:colcon.colcon_notification.desktop_notification:Sending desktop notification using 'notify2'
[1.599s] DEBUG:colcon.colcon_notification.desktop_notification.notify2:Failed to initialize notify2: org.freedesktop.DBus.Error.FileNotFound: Failed to connect to socket /run/user/1000/bus: No such file or directory
[1.599s] DEBUG:colcon.colcon_core.event_reactor:joined thread
[1.600s] INFO:colcon.colcon_core.shell:Creating prefix script '/home/nchougul/ros2_ws/src/talker_listner/install/local_setup.ps1'
[1.601s] INFO:colcon.colcon_core.shell:Creating prefix util module '/home/nchougul/ros2_ws/src/talker_listner/install/_local_setup_util_ps1.py'
[1.603s] INFO:colcon.colcon_core.shell:Creating prefix chain script '/home/nchougul/ros2_ws/src/talker_listner/install/setup.ps1'
[1.604s] INFO:colcon.colcon_core.shell:Creating prefix script '/home/nchougul/ros2_ws/src/talker_listner/install/local_setup.sh'
[1.605s] INFO:colcon.colcon_core.shell:Creating prefix util module '/home/nchougul/ros2_ws/src/talker_listner/install/_local_setup_util_sh.py'
[1.605s] INFO:colcon.colcon_core.shell:Creating prefix chain script '/home/nchougul/ros2_ws/src/talker_listner/install/setup.sh'
[1.606s] INFO:colcon.colcon_core.shell:Creating prefix script '/home/nchougul/ros2_ws/src/talker_listner/install/local_setup.bash'
[1.607s] INFO:colcon.colcon_core.shell:Creating prefix chain script '/home/nchougul/ros2_ws/src/talker_listner/install/setup.bash'
[1.608s] INFO:colcon.colcon_core.shell:Creating prefix script '/home/nchougul/ros2_ws/src/talker_listner/install/local_setup.zsh'
[1.608s] INFO:colcon.colcon_core.shell:Creating prefix chain script '/home/nchougul/ros2_ws/src/talker_listner/install/setup.zsh'
